<?xml version="1.0" encoding="UTF-8"?>
<!-- Generated by org.testng.reporters.JUnitReportReporter -->
<testsuite hostname="Mr-Sanket" failures="0" tests="1" name="selenium_framework.Excel_CogniProject.DriverSetup" time="17.917" errors="0" timestamp="2020-04-30T12:05:07 IST" skipped="0">
  <testcase classname="selenium_framework.Excel_CogniProject.DriverSetup" name="getWebDriver" time="17.917"/>
  <system-out/>
</testsuite> <!-- selenium_framework.Excel_CogniProject.DriverSetup -->
