<?xml version="1.0" encoding="UTF-8"?>
<!-- Generated by org.testng.reporters.JUnitReportReporter -->
<testsuite hostname="Mr-Sanket" failures="0" tests="1" name="com.Testcases.AvailabilityCheck" time="106.546" errors="0" timestamp="2020-05-03T13:31:55 IST" skipped="0">
  <testcase classname="com.Testcases.AvailabilityCheck" name="bookingTestacaseOne" time="106.546"/>
  <system-out/>
</testsuite> <!-- com.Testcases.AvailabilityCheck -->
